<?xml version="1.0" encoding="UTF-8"?>
<testng-results skipped="0" failed="0" ignored="0" total="0" passed="0">
  <reporter-output>
  </reporter-output>
  <suite name="Udemy_Cucumber" duration-ms="39116" started-at="2020-02-07T15:10:45 GMT" finished-at="2020-02-07T15:11:24 GMT">
    <groups>
    </groups>
    <test name="Cucumber Tests" duration-ms="39116" started-at="2020-02-07T15:10:45 GMT" finished-at="2020-02-07T15:11:24 GMT">
    </test> <!-- Cucumber Tests -->
  </suite> <!-- Udemy_Cucumber -->
</testng-results>
